{
  "RSpec": {
    "coverage": {
      "/home/terminator/dev/mega_fizz/core_api/config/environment.rb": [
        null,
        1,
        null,
        null,
        1
      ],
      "/home/terminator/dev/mega_fizz/core_api/config/application.rb": [
        1,
        null,
        1,
        null,
        1,
        1,
        1,
        1,
        1,
        1,
        1,
        null,
        null,
        null,
        null,
        null,
        1,
        null,
        1,
        1,
        1,
        1,
        1,
        null,
        null
      ],
      "/home/terminator/dev/mega_fizz/core_api/config/boot.rb": [
        1,
        null,
        1
      ],
      "/home/terminator/dev/mega_fizz/core_api/config/environments/test.rb": [
        1,
        null,
        null,
        null,
        null,
        null,
        null,
        1,
        null,
        null,
        null,
        null,
        1,
        null,
        null,
        1,
        1,
        null,
        null,
        null,
        null,
        1,
        1,
        null,
        null,
        1,
        null,
        null,
        1,
        1,
        null,
        null,
        null,
        null,
        1,
        null,
        null,
        1,
        null,
        null,
        null,
        null
      ],
      "/home/terminator/dev/mega_fizz/core_api/config/initializers/application_controller_renderer.rb": [
        null,
        null,
        null,
        null,
        null,
        null
      ],
      "/home/terminator/dev/mega_fizz/core_api/config/initializers/backtrace_silencers.rb": [
        null,
        null,
        null,
        null,
        null,
        null,
        null
      ],
      "/home/terminator/dev/mega_fizz/core_api/config/initializers/cors.rb": [
        1,
        1,
        1,
        null,
        1,
        null,
        null,
        null,
        null
      ],
      "/home/terminator/dev/mega_fizz/core_api/config/initializers/filter_parameter_logging.rb": [
        null,
        null,
        null,
        1
      ],
      "/home/terminator/dev/mega_fizz/core_api/config/initializers/inflections.rb": [
        null,
        null,
        null,
        null,
        null,
        null,
        null,
        null,
        null,
        null,
        null,
        null,
        null,
        null,
        null,
        null
      ],
      "/home/terminator/dev/mega_fizz/core_api/config/initializers/mime_types.rb": [
        null,
        null,
        null,
        null
      ],
      "/home/terminator/dev/mega_fizz/core_api/config/initializers/new_framework_defaults.rb": [
        null,
        null,
        null,
        null,
        null,
        null,
        null,
        null,
        1,
        null,
        null,
        1,
        null,
        null,
        1,
        null,
        null,
        1
      ],
      "/home/terminator/dev/mega_fizz/core_api/config/initializers/wrap_parameters.rb": [
        null,
        null,
        null,
        null,
        null,
        null,
        1,
        1,
        null,
        null,
        null,
        null,
        null,
        null
      ],
      "/home/terminator/dev/mega_fizz/core_api/config/routes.rb": [
        1,
        1,
        null
      ],
      "/home/terminator/dev/mega_fizz/core_api/app/api/fizzbuzz/api.rb": [
        1,
        1,
        1,
        null,
        1,
        1,
        1,
        null,
        null,
        1,
        1,
        null,
        null,
        null,
        1,
        1,
        1,
        1,
        null,
        1,
        1,
        1,
        null,
        null,
        null,
        1,
        1,
        1,
        1,
        null,
        1,
        2,
        null,
        null,
        null
      ],
      "/home/terminator/dev/mega_fizz/core_api/app/services/fizz_buzz_generator.rb": [
        1,
        1,
        null,
        1,
        1,
        1,
        null,
        null,
        1,
        1,
        100,
        null,
        null,
        null,
        1,
        null,
        1,
        null,
        6,
        27,
        14,
        53,
        100,
        null,
        null,
        1,
        2,
        null,
        null,
        1,
        1,
        null,
        null,
        1,
        3,
        null,
        null
      ],
      "/home/terminator/dev/mega_fizz/core_api/app/services/favorite_number_checker.rb": [
        1,
        1,
        100,
        null,
        null,
        1,
        100,
        null,
        null
      ],
      "/home/terminator/dev/mega_fizz/core_api/app/services/number_favoriter.rb": [
        1,
        1,
        2,
        2,
        null,
        null,
        1,
        2,
        1,
        null,
        1,
        null,
        null,
        2,
        null,
        null
      ],
      "/home/terminator/dev/mega_fizz/core_api/app/models/favorite_number.rb": [
        1,
        1,
        null
      ],
      "/home/terminator/dev/mega_fizz/core_api/app/models/application_record.rb": [
        1,
        1,
        null
      ]
    },
    "timestamp": 1493321305
  }
}
